c:\users\angel\documents\github\agp_ae2\agp ae2\tutorial 01\x64\release\vc141.pdb
c:\users\angel\documents\github\agp_ae2\agp ae2\tutorial 01\x64\release\text2d.obj
c:\users\angel\documents\github\agp_ae2\agp ae2\tutorial 01\x64\release\scenenode.obj
c:\users\angel\documents\github\agp_ae2\agp ae2\tutorial 01\x64\release\particlegenerator.obj
c:\users\angel\documents\github\agp_ae2\agp ae2\tutorial 01\x64\release\objfilemodel.obj
c:\users\angel\documents\github\agp_ae2\agp ae2\tutorial 01\x64\release\model.obj
c:\users\angel\documents\github\agp_ae2\agp ae2\tutorial 01\x64\release\menusystem.obj
c:\users\angel\documents\github\agp_ae2\agp ae2\tutorial 01\x64\release\math.obj
c:\users\angel\documents\github\agp_ae2\agp ae2\tutorial 01\x64\release\camera.obj
c:\users\angel\documents\github\agp_ae2\agp ae2\tutorial 01\x64\release\main.obj
c:\users\angel\documents\github\agp_ae2\agp ae2\tutorial 01\x64\release\input.obj
c:\users\angel\documents\github\agp_ae2\agp ae2\tutorial 01\x64\release\gamemanager.obj
c:\users\angel\documents\github\agp_ae2\agp ae2\x64\release\tutorial 01.exe
c:\users\angel\documents\github\agp_ae2\agp ae2\x64\release\tutorial 01.pdb
c:\users\angel\documents\github\agp_ae2\agp ae2\x64\release\tutorial 01.ipdb
c:\users\angel\documents\github\agp_ae2\agp ae2\x64\release\tutorial 01.iobj
c:\users\angel\documents\github\agp_ae2\agp ae2\x64\release\model_shaders.cso
c:\users\angel\documents\github\agp_ae2\agp ae2\x64\release\reflect_shader.cso
c:\users\angel\documents\github\agp_ae2\agp ae2\x64\release\skybox_shader.cso
c:\users\angel\documents\github\agp_ae2\agp ae2\x64\release\text2d_shaders.cso
c:\users\angel\documents\github\agp_ae2\agp ae2\tutorial 01\x64\release\tutorial 01.tlog\cl.command.1.tlog
c:\users\angel\documents\github\agp_ae2\agp ae2\tutorial 01\x64\release\tutorial 01.tlog\cl.read.1.tlog
c:\users\angel\documents\github\agp_ae2\agp ae2\tutorial 01\x64\release\tutorial 01.tlog\cl.write.1.tlog
c:\users\angel\documents\github\agp_ae2\agp ae2\tutorial 01\x64\release\tutorial 01.tlog\link.command.1.tlog
c:\users\angel\documents\github\agp_ae2\agp ae2\tutorial 01\x64\release\tutorial 01.tlog\link.read.1.tlog
c:\users\angel\documents\github\agp_ae2\agp ae2\tutorial 01\x64\release\tutorial 01.tlog\link.write.1.tlog
c:\users\angel\documents\github\agp_ae2\agp ae2\tutorial 01\x64\release\tutorial 01.tlog\tutorial 01.write.1u.tlog
