c:\users\angel\desktop\tutorial 10\tutorial 01\debug\vc141.pdb
c:\users\angel\desktop\tutorial 10\tutorial 01\debug\vc141.idb
c:\users\angel\desktop\tutorial 10\tutorial 01\debug\main.obj
c:\users\angel\desktop\tutorial 10\tutorial 01\debug\camera.obj
c:\users\angel\desktop\tutorial 10\tutorial 01\debug\model.obj
c:\users\angel\desktop\tutorial 10\tutorial 01\debug\objfilemodel.obj
c:\users\angel\desktop\tutorial 10\tutorial 01\debug\text2d.obj
c:\users\angel\desktop\tutorial 10\debug\tutorial 01.exe
c:\users\angel\desktop\tutorial 10\debug\tutorial 01.ilk
c:\users\angel\desktop\tutorial 10\debug\tutorial 01.pdb
c:\users\angel\desktop\tutorial 10\debug\model_shaders.cso
c:\users\angel\desktop\tutorial 10\debug\shaders.cso
c:\users\angel\desktop\tutorial 10\debug\text2d_shaders.cso
c:\users\angel\desktop\tutorial 10\tutorial 01\debug\tutorial 01.tlog\cl.command.1.tlog
c:\users\angel\desktop\tutorial 10\tutorial 01\debug\tutorial 01.tlog\cl.read.1.tlog
c:\users\angel\desktop\tutorial 10\tutorial 01\debug\tutorial 01.tlog\cl.write.1.tlog
c:\users\angel\desktop\tutorial 10\tutorial 01\debug\tutorial 01.tlog\link.command.1.tlog
c:\users\angel\desktop\tutorial 10\tutorial 01\debug\tutorial 01.tlog\link.read.1.tlog
c:\users\angel\desktop\tutorial 10\tutorial 01\debug\tutorial 01.tlog\link.write.1.tlog
c:\users\angel\desktop\tutorial 10\tutorial 01\debug\tutorial 01.tlog\tutorial 01.write.1u.tlog
